<?xml version="1.0" encoding="utf-8"?><testsuites name="pytest tests"><testsuite name="pytest" errors="0" failures="0" skipped="0" tests="66" time="24.313" timestamp="2026-04-25T02:04:53.697323+00:00" hostname="agent-env-61c4a94a-c1aa-4741-b6de-c3dd15c726b8"><testcase classname="backend.tests.test_budget_api.TestInitAndSeed" name="test_init_seeds" time="1.002" /><testcase classname="backend.tests.test_budget_api.TestInitAndSeed" name="test_accounts_seeded" time="0.103" /><testcase classname="backend.tests.test_budget_api.TestInitAndSeed" name="test_cards_seeded" time="0.068" /><testcase classname="backend.tests.test_budget_api.TestInitAndSeed" name="test_init_idempotent" time="0.206" /><testcase classname="backend.tests.test_budget_api.TestDashboard" name="test_dashboard_shape" time="0.125" /><testcase classname="backend.tests.test_budget_api.TestIncome" name="test_income_updates_balances" time="0.630" /><testcase classname="backend.tests.test_budget_api.TestExpenses" name="test_cash_expense_deducts_account" time="0.387" /><testcase classname="backend.tests.test_budget_api.TestExpenses" name="test_credit_expense_increases_card_and_owed" time="0.497" /><testcase classname="backend.tests.test_budget_api.TestExpenses" name="test_cash_validation" time="0.109" /><testcase classname="backend.tests.test_budget_api.TestExpenses" name="test_credit_validation" time="0.170" /><testcase classname="backend.tests.test_budget_api.TestExpenses" name="test_delete_cash_expense_refunds" time="0.269" /><testcase classname="backend.tests.test_budget_api.TestExpenses" name="test_delete_credit_expense_decreases_card" time="0.240" /><testcase classname="backend.tests.test_budget_api.TestNegativeProjection" name="test_negative_flag" time="0.157" /><testcase classname="backend.tests.test_budget_api.TestCardPayoff" name="test_payoff_zeros_card_and_debits_accounts" time="0.346" /><testcase classname="backend.tests.test_budget_api.TestAccountUpdate" name="test_update_target_and_balance" time="0.106" /><testcase classname="backend.tests.test_budget_api.TestReset" name="test_reset_clears_data" time="0.695" /><testcase classname="backend.tests.test_iteration2.TestSeedBudget" name="test_seed_budget_idempotent_and_counts" time="1.521" /><testcase classname="backend.tests.test_iteration2.TestSeedBudget" name="test_seed_budget_targets" time="0.192" /><testcase classname="backend.tests.test_iteration2.TestSeedBudget" name="test_account_targets_recomputed" time="0.120" /><testcase classname="backend.tests.test_iteration2.TestCategoriesCRUD" name="test_list_grouped" time="0.101" /><testcase classname="backend.tests.test_iteration2.TestCategoriesCRUD" name="test_create_recomputes_target" time="0.839" /><testcase classname="backend.tests.test_iteration2.TestCategoriesCRUD" name="test_update_changes_target" time="0.854" /><testcase classname="backend.tests.test_iteration2.TestCategoriesCRUD" name="test_delete_recomputes_target" time="0.899" /><testcase classname="backend.tests.test_iteration2.TestRunCategory" name="test_run_creates_cash_expense_from_parent" time="1.323" /><testcase classname="backend.tests.test_iteration2.TestExpenseCategoryLink" name="test_expense_with_category_id_and_dashboard" time="0.695" /><testcase classname="backend.tests.test_iteration2.TestExpenseCategoryLink" name="test_dashboard_over_budget_flag" time="0.603" /><testcase classname="backend.tests.test_iteration2.TestPaidCardLedger" name="test_payoff_marks_paid_and_preserves_history" time="1.493" /><testcase classname="backend.tests.test_iteration2.TestAnalytics" name="test_analytics_shape" time="0.054" /><testcase classname="backend.tests.test_iteration2.TestRollover" name="test_rollover_sweeps_positive_to_savings" time="0.291" /><testcase classname="backend.tests.test_iteration2.TestAccountName" name="test_update_name" time="0.090" /><testcase classname="backend.tests.test_iteration3_fixes.TestResetClearsCategories" name="test_seed_then_reset_clears_categories_and_targets" time="0.519" /><testcase classname="backend.tests.test_iteration3_fixes.TestCategoryBucketAutofillBackendBehavior" name="test_cash_path_selectcategory_then_switch_to_cash" time="0.574" /><testcase classname="backend.tests.test_iteration3_fixes.TestCategoryBucketAutofillBackendBehavior" name="test_credit_path_selectcategory_then_save" time="0.408" /><testcase classname="backend.tests.test_iteration4_nested.TestSeedNestedStructure" name="test_seed_creates_utilities_group_and_children" time="0.264" /><testcase classname="backend.tests.test_iteration4_nested.TestSeedNestedStructure" name="test_variable_account_target_excludes_group_self_target" time="0.068" /><testcase classname="backend.tests.test_iteration4_nested.TestCreateChildRecomputes" name="test_create_child_increases_variable_target" time="0.377" /><testcase classname="backend.tests.test_iteration4_nested.TestUpdateChildRecomputes" name="test_put_child_target_recomputes" time="0.377" /><testcase classname="backend.tests.test_iteration4_nested.TestDashboardGroupRollup" name="test_dashboard_marks_utilities_as_group" time="0.055" /><testcase classname="backend.tests.test_iteration4_nested.TestChildSpendRollsUp" name="test_child_expense_rolls_up_to_group" time="0.363" /><testcase classname="backend.tests.test_iteration4_nested.TestDeleteGroupCascades" name="test_delete_utilities_removes_children_and_recomputes" time="0.563" /><testcase classname="backend.tests.test_iteration5.TestPersonalSeed" name="test_personal_his_and_hers_exist" time="0.236" /><testcase classname="backend.tests.test_iteration5.TestPersonalSeed" name="test_account_targets_iter6" time="0.050" /><testcase classname="backend.tests.test_iteration5.TestPersonalSeed" name="test_seed_response_counts" time="0.065" /><testcase classname="backend.tests.test_iteration5.TestPersonalSeed" name="test_dashboard_personal_is_leaf" time="0.051" /><testcase classname="backend.tests.test_iteration5.TestAnalyticsPeriod" name="test_period_3m" time="0.046" /><testcase classname="backend.tests.test_iteration5.TestAnalyticsPeriod" name="test_period_6m" time="0.105" /><testcase classname="backend.tests.test_iteration5.TestAnalyticsPeriod" name="test_period_12m" time="0.066" /><testcase classname="backend.tests.test_iteration5.TestAnalyticsPeriod" name="test_period_ytd" time="0.054" /><testcase classname="backend.tests.test_iteration5.TestAnalyticsPeriod" name="test_period_falls_back_to_months_param" time="0.056" /><testcase classname="backend.tests.test_iteration5.TestSkipUnskip" name="test_skip_and_idempotent" time="0.195" /><testcase classname="backend.tests.test_iteration5.TestSkipUnskip" name="test_unskip_removes" time="0.134" /><testcase classname="backend.tests.test_iteration5.TestSkipUnskip" name="test_run_blocked_when_current_month_skipped" time="0.333" /><testcase classname="backend.tests.test_iteration5.TestUpcomingCRUD" name="test_create_and_list_sorted" time="0.238" /><testcase classname="backend.tests.test_iteration5.TestUpcomingCRUD" name="test_update_upcoming" time="0.154" /><testcase classname="backend.tests.test_iteration5.TestUpcomingCRUD" name="test_delete_upcoming" time="0.133" /><testcase classname="backend.tests.test_iteration5.TestUpcomingRealize" name="test_realize_creates_cash_expense_and_debits" time="0.476" /><testcase classname="backend.tests.test_iteration5.TestUpcomingRealize" name="test_realize_400_when_no_parent_account" time="0.298" /><testcase classname="backend.tests.test_iteration6.TestAccountsSchema" name="test_six_accounts_in_order" time="0.263" /><testcase classname="backend.tests.test_iteration6.TestAccountsSchema" name="test_his_and_hers_have_names_and_colors" time="0.047" /><testcase classname="backend.tests.test_iteration6.TestSeedBudgetTargets" name="test_seed_budget_targets" time="0.104" /><testcase classname="backend.tests.test_iteration6.TestSeedBudgetTargets" name="test_personal_cat_lives_under_his_and_hers" time="0.261" /><testcase classname="backend.tests.test_iteration6.TestIncomeAllocationHisHers" name="test_allocation_increases_his_and_hers_balances" time="0.240" /><testcase classname="backend.tests.test_iteration6.TestCategoryUnderHis" name="test_create_cat_under_his_propagates_target" time="0.455" /><testcase classname="backend.tests.test_iteration6.TestLeafBecomesGroup" name="test_adding_child_converts_leaf_to_group" time="0.379" /><testcase classname="backend.tests.test_iteration6.TestDeleteCascade" name="test_delete_group_cascades_children" time="0.316" /><testcase classname="backend.tests.test_iteration6.TestRolloverSweepsHisHers" name="test_rollover_sweeps_his_hers_into_savings" time="0.426" /></testsuite></testsuites>