<?xml version="1.0" encoding="utf-8"?><testsuites name="pytest tests"><testsuite name="pytest" errors="0" failures="0" skipped="0" tests="7" time="1.923" timestamp="2026-04-25T01:03:23.708525+00:00" hostname="agent-env-61c4a94a-c1aa-4741-b6de-c3dd15c726b8"><testcase classname="backend.tests.test_iteration4_nested.TestSeedNestedStructure" name="test_seed_creates_utilities_group_and_children" time="0.318" /><testcase classname="backend.tests.test_iteration4_nested.TestSeedNestedStructure" name="test_variable_account_target_excludes_group_self_target" time="0.073" /><testcase classname="backend.tests.test_iteration4_nested.TestCreateChildRecomputes" name="test_create_child_increases_variable_target" time="0.302" /><testcase classname="backend.tests.test_iteration4_nested.TestUpdateChildRecomputes" name="test_put_child_target_recomputes" time="0.293" /><testcase classname="backend.tests.test_iteration4_nested.TestDashboardGroupRollup" name="test_dashboard_marks_utilities_as_group" time="0.055" /><testcase classname="backend.tests.test_iteration4_nested.TestChildSpendRollsUp" name="test_child_expense_rolls_up_to_group" time="0.329" /><testcase classname="backend.tests.test_iteration4_nested.TestDeleteGroupCascades" name="test_delete_utilities_removes_children_and_recomputes" time="0.473" /></testsuite></testsuites>