<?xml version="1.0" encoding="utf-8"?><testsuites name="pytest tests"><testsuite name="pytest" errors="0" failures="0" skipped="0" tests="3" time="1.514" timestamp="2026-04-25T00:49:35.295451+00:00" hostname="agent-env-61c4a94a-c1aa-4741-b6de-c3dd15c726b8"><testcase classname="backend.tests.test_iteration3_fixes.TestResetClearsCategories" name="test_seed_then_reset_clears_categories_and_targets" time="0.525" /><testcase classname="backend.tests.test_iteration3_fixes.TestCategoryBucketAutofillBackendBehavior" name="test_cash_path_selectcategory_then_switch_to_cash" time="0.525" /><testcase classname="backend.tests.test_iteration3_fixes.TestCategoryBucketAutofillBackendBehavior" name="test_credit_path_selectcategory_then_save" time="0.402" /></testsuite></testsuites>