<?xml version="1.0" encoding="utf-8"?><testsuites name="pytest tests"><testsuite name="pytest" errors="0" failures="0" skipped="0" tests="57" time="11.143" timestamp="2026-04-25T01:14:56.772553+00:00" hostname="agent-env-61c4a94a-c1aa-4741-b6de-c3dd15c726b8"><testcase classname="backend.tests.test_budget_api.TestInitAndSeed" name="test_init_seeds" time="0.271" /><testcase classname="backend.tests.test_budget_api.TestInitAndSeed" name="test_accounts_seeded" time="0.051" /><testcase classname="backend.tests.test_budget_api.TestInitAndSeed" name="test_cards_seeded" time="0.048" /><testcase classname="backend.tests.test_budget_api.TestInitAndSeed" name="test_init_idempotent" time="0.098" /><testcase classname="backend.tests.test_budget_api.TestDashboard" name="test_dashboard_shape" time="0.054" /><testcase classname="backend.tests.test_budget_api.TestIncome" name="test_income_updates_balances" time="0.164" /><testcase classname="backend.tests.test_budget_api.TestExpenses" name="test_cash_expense_deducts_account" time="0.144" /><testcase classname="backend.tests.test_budget_api.TestExpenses" name="test_credit_expense_increases_card_and_owed" time="0.244" /><testcase classname="backend.tests.test_budget_api.TestExpenses" name="test_cash_validation" time="0.060" /><testcase classname="backend.tests.test_budget_api.TestExpenses" name="test_credit_validation" time="0.044" /><testcase classname="backend.tests.test_budget_api.TestExpenses" name="test_delete_cash_expense_refunds" time="0.203" /><testcase classname="backend.tests.test_budget_api.TestExpenses" name="test_delete_credit_expense_decreases_card" time="0.208" /><testcase classname="backend.tests.test_budget_api.TestNegativeProjection" name="test_negative_flag" time="0.139" /><testcase classname="backend.tests.test_budget_api.TestCardPayoff" name="test_payoff_zeros_card_and_debits_accounts" time="0.317" /><testcase classname="backend.tests.test_budget_api.TestAccountUpdate" name="test_update_target_and_balance" time="0.103" /><testcase classname="backend.tests.test_budget_api.TestReset" name="test_reset_clears_data" time="0.260" /><testcase classname="backend.tests.test_iteration2.TestSeedBudget" name="test_seed_budget_idempotent_and_counts" time="0.340" /><testcase classname="backend.tests.test_iteration2.TestSeedBudget" name="test_seed_budget_targets" time="0.044" /><testcase classname="backend.tests.test_iteration2.TestSeedBudget" name="test_account_targets_recomputed" time="0.059" /><testcase classname="backend.tests.test_iteration2.TestCategoriesCRUD" name="test_list_grouped" time="0.045" /><testcase classname="backend.tests.test_iteration2.TestCategoriesCRUD" name="test_create_recomputes_target" time="0.198" /><testcase classname="backend.tests.test_iteration2.TestCategoriesCRUD" name="test_update_changes_target" time="0.249" /><testcase classname="backend.tests.test_iteration2.TestCategoriesCRUD" name="test_delete_recomputes_target" time="0.184" /><testcase classname="backend.tests.test_iteration2.TestRunCategory" name="test_run_creates_cash_expense_from_parent" time="0.382" /><testcase classname="backend.tests.test_iteration2.TestExpenseCategoryLink" name="test_expense_with_category_id_and_dashboard" time="0.182" /><testcase classname="backend.tests.test_iteration2.TestExpenseCategoryLink" name="test_dashboard_over_budget_flag" time="0.202" /><testcase classname="backend.tests.test_iteration2.TestPaidCardLedger" name="test_payoff_marks_paid_and_preserves_history" time="0.652" /><testcase classname="backend.tests.test_iteration2.TestAnalytics" name="test_analytics_shape" time="0.066" /><testcase classname="backend.tests.test_iteration2.TestRollover" name="test_rollover_sweeps_positive_to_savings" time="0.291" /><testcase classname="backend.tests.test_iteration2.TestAccountName" name="test_update_name" time="0.093" /><testcase classname="backend.tests.test_iteration3_fixes.TestResetClearsCategories" name="test_seed_then_reset_clears_categories_and_targets" time="0.437" /><testcase classname="backend.tests.test_iteration3_fixes.TestCategoryBucketAutofillBackendBehavior" name="test_cash_path_selectcategory_then_switch_to_cash" time="0.459" /><testcase classname="backend.tests.test_iteration3_fixes.TestCategoryBucketAutofillBackendBehavior" name="test_credit_path_selectcategory_then_save" time="0.348" /><testcase classname="backend.tests.test_iteration4_nested.TestSeedNestedStructure" name="test_seed_creates_utilities_group_and_children" time="0.250" /><testcase classname="backend.tests.test_iteration4_nested.TestSeedNestedStructure" name="test_variable_account_target_excludes_group_self_target" time="0.050" /><testcase classname="backend.tests.test_iteration4_nested.TestCreateChildRecomputes" name="test_create_child_increases_variable_target" time="0.291" /><testcase classname="backend.tests.test_iteration4_nested.TestUpdateChildRecomputes" name="test_put_child_target_recomputes" time="0.297" /><testcase classname="backend.tests.test_iteration4_nested.TestDashboardGroupRollup" name="test_dashboard_marks_utilities_as_group" time="0.052" /><testcase classname="backend.tests.test_iteration4_nested.TestChildSpendRollsUp" name="test_child_expense_rolls_up_to_group" time="0.306" /><testcase classname="backend.tests.test_iteration4_nested.TestDeleteGroupCascades" name="test_delete_utilities_removes_children_and_recomputes" time="0.455" /><testcase classname="backend.tests.test_iteration5.TestPersonalSeed" name="test_personal_group_and_children_exist" time="0.217" /><testcase classname="backend.tests.test_iteration5.TestPersonalSeed" name="test_general_account_target_is_400" time="0.048" /><testcase classname="backend.tests.test_iteration5.TestPersonalSeed" name="test_seed_response_counts" time="0.052" /><testcase classname="backend.tests.test_iteration5.TestPersonalSeed" name="test_dashboard_personal_is_group" time="0.056" /><testcase classname="backend.tests.test_iteration5.TestAnalyticsPeriod" name="test_period_3m" time="0.059" /><testcase classname="backend.tests.test_iteration5.TestAnalyticsPeriod" name="test_period_6m" time="0.055" /><testcase classname="backend.tests.test_iteration5.TestAnalyticsPeriod" name="test_period_12m" time="0.059" /><testcase classname="backend.tests.test_iteration5.TestAnalyticsPeriod" name="test_period_ytd" time="0.059" /><testcase classname="backend.tests.test_iteration5.TestAnalyticsPeriod" name="test_period_falls_back_to_months_param" time="0.046" /><testcase classname="backend.tests.test_iteration5.TestSkipUnskip" name="test_skip_and_idempotent" time="0.183" /><testcase classname="backend.tests.test_iteration5.TestSkipUnskip" name="test_unskip_removes" time="0.143" /><testcase classname="backend.tests.test_iteration5.TestSkipUnskip" name="test_run_blocked_when_current_month_skipped" time="0.403" /><testcase classname="backend.tests.test_iteration5.TestUpcomingCRUD" name="test_create_and_list_sorted" time="0.211" /><testcase classname="backend.tests.test_iteration5.TestUpcomingCRUD" name="test_update_upcoming" time="0.151" /><testcase classname="backend.tests.test_iteration5.TestUpcomingCRUD" name="test_delete_upcoming" time="0.142" /><testcase classname="backend.tests.test_iteration5.TestUpcomingRealize" name="test_realize_creates_cash_expense_and_debits" time="0.492" /><testcase classname="backend.tests.test_iteration5.TestUpcomingRealize" name="test_realize_400_when_no_parent_account" time="0.268" /></testsuite></testsuites>