<?xml version="1.0" encoding="utf-8"?><testsuites name="pytest tests"><testsuite name="pytest" errors="0" failures="0" skipped="0" tests="40" time="8.597" timestamp="2026-04-25T01:04:26.250151+00:00" hostname="agent-env-61c4a94a-c1aa-4741-b6de-c3dd15c726b8"><testcase classname="backend.tests.test_budget_api.TestInitAndSeed" name="test_init_seeds" time="0.230" /><testcase classname="backend.tests.test_budget_api.TestInitAndSeed" name="test_accounts_seeded" time="0.051" /><testcase classname="backend.tests.test_budget_api.TestInitAndSeed" name="test_cards_seeded" time="0.057" /><testcase classname="backend.tests.test_budget_api.TestInitAndSeed" name="test_init_idempotent" time="0.093" /><testcase classname="backend.tests.test_budget_api.TestDashboard" name="test_dashboard_shape" time="0.053" /><testcase classname="backend.tests.test_budget_api.TestIncome" name="test_income_updates_balances" time="0.154" /><testcase classname="backend.tests.test_budget_api.TestExpenses" name="test_cash_expense_deducts_account" time="0.156" /><testcase classname="backend.tests.test_budget_api.TestExpenses" name="test_credit_expense_increases_card_and_owed" time="0.258" /><testcase classname="backend.tests.test_budget_api.TestExpenses" name="test_cash_validation" time="0.047" /><testcase classname="backend.tests.test_budget_api.TestExpenses" name="test_credit_validation" time="0.058" /><testcase classname="backend.tests.test_budget_api.TestExpenses" name="test_delete_cash_expense_refunds" time="0.200" /><testcase classname="backend.tests.test_budget_api.TestExpenses" name="test_delete_credit_expense_decreases_card" time="0.195" /><testcase classname="backend.tests.test_budget_api.TestNegativeProjection" name="test_negative_flag" time="0.151" /><testcase classname="backend.tests.test_budget_api.TestCardPayoff" name="test_payoff_zeros_card_and_debits_accounts" time="0.292" /><testcase classname="backend.tests.test_budget_api.TestAccountUpdate" name="test_update_target_and_balance" time="0.099" /><testcase classname="backend.tests.test_budget_api.TestReset" name="test_reset_clears_data" time="0.251" /><testcase classname="backend.tests.test_iteration2.TestSeedBudget" name="test_seed_budget_idempotent_and_counts" time="0.362" /><testcase classname="backend.tests.test_iteration2.TestSeedBudget" name="test_seed_budget_targets" time="0.049" /><testcase classname="backend.tests.test_iteration2.TestSeedBudget" name="test_account_targets_recomputed" time="0.052" /><testcase classname="backend.tests.test_iteration2.TestCategoriesCRUD" name="test_list_grouped" time="0.048" /><testcase classname="backend.tests.test_iteration2.TestCategoriesCRUD" name="test_create_recomputes_target" time="0.209" /><testcase classname="backend.tests.test_iteration2.TestCategoriesCRUD" name="test_update_changes_target" time="0.257" /><testcase classname="backend.tests.test_iteration2.TestCategoriesCRUD" name="test_delete_recomputes_target" time="0.242" /><testcase classname="backend.tests.test_iteration2.TestRunCategory" name="test_run_creates_cash_expense_from_parent" time="0.385" /><testcase classname="backend.tests.test_iteration2.TestExpenseCategoryLink" name="test_expense_with_category_id_and_dashboard" time="0.222" /><testcase classname="backend.tests.test_iteration2.TestExpenseCategoryLink" name="test_dashboard_over_budget_flag" time="0.207" /><testcase classname="backend.tests.test_iteration2.TestPaidCardLedger" name="test_payoff_marks_paid_and_preserves_history" time="0.617" /><testcase classname="backend.tests.test_iteration2.TestAnalytics" name="test_analytics_shape" time="0.058" /><testcase classname="backend.tests.test_iteration2.TestRollover" name="test_rollover_sweeps_positive_to_savings" time="0.292" /><testcase classname="backend.tests.test_iteration2.TestAccountName" name="test_update_name" time="0.109" /><testcase classname="backend.tests.test_iteration3_fixes.TestResetClearsCategories" name="test_seed_then_reset_clears_categories_and_targets" time="0.413" /><testcase classname="backend.tests.test_iteration3_fixes.TestCategoryBucketAutofillBackendBehavior" name="test_cash_path_selectcategory_then_switch_to_cash" time="0.471" /><testcase classname="backend.tests.test_iteration3_fixes.TestCategoryBucketAutofillBackendBehavior" name="test_credit_path_selectcategory_then_save" time="0.350" /><testcase classname="backend.tests.test_iteration4_nested.TestSeedNestedStructure" name="test_seed_creates_utilities_group_and_children" time="0.237" /><testcase classname="backend.tests.test_iteration4_nested.TestSeedNestedStructure" name="test_variable_account_target_excludes_group_self_target" time="0.047" /><testcase classname="backend.tests.test_iteration4_nested.TestCreateChildRecomputes" name="test_create_child_increases_variable_target" time="0.367" /><testcase classname="backend.tests.test_iteration4_nested.TestUpdateChildRecomputes" name="test_put_child_target_recomputes" time="0.315" /><testcase classname="backend.tests.test_iteration4_nested.TestDashboardGroupRollup" name="test_dashboard_marks_utilities_as_group" time="0.054" /><testcase classname="backend.tests.test_iteration4_nested.TestChildSpendRollsUp" name="test_child_expense_rolls_up_to_group" time="0.294" /><testcase classname="backend.tests.test_iteration4_nested.TestDeleteGroupCascades" name="test_delete_utilities_removes_children_and_recomputes" time="0.471" /></testsuite></testsuites>