<?xml version="1.0" encoding="utf-8"?><testsuites name="pytest tests"><testsuite name="pytest" errors="0" failures="0" skipped="0" tests="30" time="6.555" timestamp="2026-04-25T00:44:09.091902+00:00" hostname="agent-env-61c4a94a-c1aa-4741-b6de-c3dd15c726b8"><testcase classname="backend.tests.test_iteration2.TestSeedBudget" name="test_seed_budget_idempotent_and_counts" time="1.451" /><testcase classname="backend.tests.test_iteration2.TestSeedBudget" name="test_seed_budget_targets" time="0.047" /><testcase classname="backend.tests.test_iteration2.TestSeedBudget" name="test_account_targets_recomputed" time="0.050" /><testcase classname="backend.tests.test_iteration2.TestCategoriesCRUD" name="test_list_grouped" time="0.049" /><testcase classname="backend.tests.test_iteration2.TestCategoriesCRUD" name="test_create_recomputes_target" time="0.201" /><testcase classname="backend.tests.test_iteration2.TestCategoriesCRUD" name="test_update_changes_target" time="0.243" /><testcase classname="backend.tests.test_iteration2.TestCategoriesCRUD" name="test_delete_recomputes_target" time="0.198" /><testcase classname="backend.tests.test_iteration2.TestRunCategory" name="test_run_creates_cash_expense_from_parent" time="0.454" /><testcase classname="backend.tests.test_iteration2.TestExpenseCategoryLink" name="test_expense_with_category_id_and_dashboard" time="0.207" /><testcase classname="backend.tests.test_iteration2.TestExpenseCategoryLink" name="test_dashboard_over_budget_flag" time="0.202" /><testcase classname="backend.tests.test_iteration2.TestPaidCardLedger" name="test_payoff_marks_paid_and_preserves_history" time="0.606" /><testcase classname="backend.tests.test_iteration2.TestAnalytics" name="test_analytics_shape" time="0.051" /><testcase classname="backend.tests.test_iteration2.TestRollover" name="test_rollover_sweeps_positive_to_savings" time="0.346" /><testcase classname="backend.tests.test_iteration2.TestAccountName" name="test_update_name" time="0.107" /><testcase classname="backend.tests.test_budget_api.TestInitAndSeed" name="test_init_seeds" time="0.175" /><testcase classname="backend.tests.test_budget_api.TestInitAndSeed" name="test_accounts_seeded" time="0.049" /><testcase classname="backend.tests.test_budget_api.TestInitAndSeed" name="test_cards_seeded" time="0.050" /><testcase classname="backend.tests.test_budget_api.TestInitAndSeed" name="test_init_idempotent" time="0.104" /><testcase classname="backend.tests.test_budget_api.TestDashboard" name="test_dashboard_shape" time="0.052" /><testcase classname="backend.tests.test_budget_api.TestIncome" name="test_income_updates_balances" time="0.148" /><testcase classname="backend.tests.test_budget_api.TestExpenses" name="test_cash_expense_deducts_account" time="0.150" /><testcase classname="backend.tests.test_budget_api.TestExpenses" name="test_credit_expense_increases_card_and_owed" time="0.255" /><testcase classname="backend.tests.test_budget_api.TestExpenses" name="test_cash_validation" time="0.049" /><testcase classname="backend.tests.test_budget_api.TestExpenses" name="test_credit_validation" time="0.045" /><testcase classname="backend.tests.test_budget_api.TestExpenses" name="test_delete_cash_expense_refunds" time="0.201" /><testcase classname="backend.tests.test_budget_api.TestExpenses" name="test_delete_credit_expense_decreases_card" time="0.190" /><testcase classname="backend.tests.test_budget_api.TestNegativeProjection" name="test_negative_flag" time="0.148" /><testcase classname="backend.tests.test_budget_api.TestCardPayoff" name="test_payoff_zeros_card_and_debits_accounts" time="0.302" /><testcase classname="backend.tests.test_budget_api.TestAccountUpdate" name="test_update_target_and_balance" time="0.109" /><testcase classname="backend.tests.test_budget_api.TestReset" name="test_reset_clears_data" time="0.240" /></testsuite></testsuites>